     1                                  global start
     2                                  section .text
     3                                  
     4                                  
     5                                  start:
     6                                  	
     7 00000000 B804000002              	mov 	rax, 0x02000004
     8 00000005 BF01000000              	mov 	rdi, 1
     9 0000000A 48BE-                   	mov 	rsi, message
     9 0000000C [0000000000000000] 
    10 00000014 BA0D000000              	mov 	rdx, 13
    11                                  
    12 00000019 0F05                    	syscall
    13 0000001B B801000002              	mov 	rax, 0x02000001
    14 00000020 4831FF                  	xor 	rdi,rdi
    15 00000023 0F05                    	syscall
    16                                  
    17                                  	section .data
    18                                  
    19                                  message:
    20                                  
    21 00000000 48656C6C6F2C20576F-     	db 	"Hello, World", 10
    21 00000009 726C640A           
    22                                  	
